[09:50:19.581] [INFO] Storybook upgrade - v10.2.7
[09:50:19.585] [INFO] detect-projects-spinner-start: Detecting projects...
[09:50:19.587] [DEBUG] Finding Storybook projects...
[09:50:19.946] [DEBUG] Found 1 Storybook projects
[09:50:19.948] [INFO] detect-projects-spinner: Detecting projects: 1 projects
[09:50:19.948] [DEBUG] Getting Storybook data...
[09:50:19.948] [DEBUG] Getting Storybook info...
[09:50:20.153] [DEBUG] Loading main config...
[09:50:20.153] [DEBUG] Getting stories paths...
[09:50:20.185] [DEBUG] Getting package manager...
[09:50:22.411] [DEBUG] Getting package.json info for /Users/markbailey/github/quillmedical/frontend/package.json...
[09:50:22.411] [DEBUG] Getting Storybook version...
[09:50:22.413] [DEBUG] Detecting CSF factory usage...
[09:50:22.439] [DEBUG] /frontend/.storybook - Validating before version... 9.1.5
[09:50:22.439] [DEBUG] /frontend/.storybook - Validating upgrade compatibility...
[09:50:22.439] [DEBUG] /frontend/.storybook - Fetching NPM version information...
[09:50:22.440] [DEBUG] Getting CLI versions from NPM for storybook...
[09:50:22.440] [DEBUG] Executing command: npm info storybook version
[09:50:22.447] [DEBUG] Getting CLI versions from NPM for storybook@next...
[09:50:22.447] [DEBUG] Executing command: npm info storybook@next version
[09:50:23.478] [DEBUG] /frontend/.storybook - Evaluating blockers...
[09:50:23.498] [DEBUG] Getting installed version for @storybook/experimental-addon-test...
[09:50:23.499] [DEBUG] Executing command: npm ls --json --depth=99 2>/dev/null
[09:50:24.887] [DEBUG] Executing command: npm ls --json --depth=0 2>/dev/null
[09:50:25.960] [DEBUG] Error finding installations for @storybook/experimental-addon-test: ExecaError: Command failed with exit code 1: npm ls --json '--depth=0' '2>/dev/null'

{
  "version": "0.0.1",
  "name": "frontend"
}
[09:50:25.960] [DEBUG] No installations found for @storybook/experimental-addon-test
[09:50:25.960] [INFO] detect-projects-spinner-stop: 1 project detected
[09:50:25.961] [DEBUG] Found 1 valid projects and 0 error projects
[09:50:25.961] [INFO] Upgrading from [1m9.1.5[22m to [1m10.2.7[22m
[09:50:25.962] [INFO] upgrade-dependencies-task-start: Fetching versions to update package.json files..
[09:50:25.963] [DEBUG] Updating dependencies in /frontend/.storybook...
[09:50:25.963] [INFO] upgrade-dependencies-task: /frontend/package.json
[09:50:25.963] [DEBUG] Using cached package.json for /Users/markbailey/github/quillmedical/frontend/package.json...
[09:50:25.964] [DEBUG] {
  "upgradedDependencies": []
}
[09:50:25.964] [DEBUG] {
  "upgradedDevDependencies": [
    "@storybook/addon-a11y@10.2.7",
    "@storybook/addon-links@10.2.7",
    "@storybook/react-vite@10.2.7",
    "eslint-plugin-storybook@10.2.7",
    "storybook@10.2.7"
  ]
}
[09:50:25.964] [DEBUG] {
  "upgradedPeerDependencies": []
}
[09:50:25.964] [DEBUG] Getting package.json info for /Users/markbailey/github/quillmedical/frontend/package.json...
[09:50:25.964] [DEBUG] Using cached package.json for /Users/markbailey/github/quillmedical/frontend/package.json...
[09:50:25.964] [DEBUG] Using cached package.json for /Users/markbailey/github/quillmedical/frontend/package.json...
[09:50:25.965] [DEBUG] Getting package.json info for /Users/markbailey/github/quillmedical/frontend/package.json...
[09:50:25.965] [DEBUG] Using cached package.json for /Users/markbailey/github/quillmedical/frontend/package.json...
[09:50:25.965] [DEBUG] Getting CLI versions from NPM for @storybook/addon-a11y...
[09:50:25.965] [DEBUG] Executing command: npm info @storybook/addon-a11y version
[09:50:26.789] [DEBUG] Getting CLI versions from NPM for @storybook/addon-links...
[09:50:26.789] [DEBUG] Executing command: npm info @storybook/addon-links version
[09:50:27.596] [DEBUG] Getting CLI versions from NPM for @storybook/react-vite...
[09:50:27.596] [DEBUG] Executing command: npm info @storybook/react-vite version
[09:50:28.251] [DEBUG] Getting CLI versions from NPM for eslint-plugin-storybook...
[09:50:28.251] [DEBUG] Executing command: npm info eslint-plugin-storybook version
[09:50:28.780] [DEBUG] Using cached version for storybook...
[09:50:28.781] [DEBUG] Using cached package.json for /Users/markbailey/github/quillmedical/frontend/package.json...
[09:50:28.781] [DEBUG] Getting package.json info for /Users/markbailey/github/quillmedical/frontend/package.json...
[09:50:28.781] [DEBUG] Using cached package.json for /Users/markbailey/github/quillmedical/frontend/package.json...
[09:50:28.781] [DEBUG] Using cached package.json for /Users/markbailey/github/quillmedical/frontend/package.json...
[09:50:28.781] [INFO] upgrade-dependencies-task-success: Updated package versions in package.json files
[09:50:28.782] [INFO] detect-automigrations-task-start: Detecting automigrations...
[09:50:28.782] [DEBUG] Starting automigration collection across 1 projects and 19 fixes...
[09:50:28.782] [INFO] detect-automigrations-task: Checking automigrations for /frontend/.storybook...
[09:50:28.782] [DEBUG] Processing project: /frontend/.storybook
[09:50:28.782] [DEBUG] Checking fix eslintPlugin for project /frontend/.storybook...
[09:50:28.782] [DEBUG] Using cached package.json for /Users/markbailey/github/quillmedical/frontend/package.json...
[09:50:28.782] [DEBUG] Using cached package.json for /Users/markbailey/github/quillmedical/frontend/package.json...
[09:50:28.783] [DEBUG] Checking fix addon-mdx-gfm-remove for project /frontend/.storybook...
[09:50:28.783] [DEBUG] Using cached package.json for /Users/markbailey/github/quillmedical/frontend/package.json...
[09:50:28.783] [DEBUG] Checking fix addon-storysource-code-panel for project /frontend/.storybook...
[09:50:28.783] [DEBUG] Checking fix upgrade-storybook-related-dependencies for project /frontend/.storybook...
[09:50:28.783] [DEBUG] Checking for incompatible storybook packages...
[09:50:28.783] [DEBUG] Using cached package.json for /Users/markbailey/github/quillmedical/frontend/package.json...
[09:50:28.783] [DEBUG] Using cached package.json for /Users/markbailey/github/quillmedical/frontend/package.json...
[09:50:28.783] [DEBUG] Checking fix initial-globals for project /frontend/.storybook...
[09:50:28.789] [DEBUG] Checking fix addon-globals-api for project /frontend/.storybook...
[09:50:28.793] [DEBUG] Checking fix addon-a11y-addon-test for project /frontend/.storybook...
[09:50:28.794] [DEBUG] Checking fix consolidated-imports for project /frontend/.storybook...
[09:50:28.794] [DEBUG] Checking fix addon-experimental-test for project /frontend/.storybook...
[09:50:28.794] [DEBUG] Using cached installed version for @storybook/experimental-addon-test...
[09:50:28.794] [DEBUG] Checking fix rnstorybook-config for project /frontend/.storybook...
[09:50:28.794] [DEBUG] Using cached package.json for /Users/markbailey/github/quillmedical/frontend/package.json...
[09:50:28.794] [DEBUG] Checking fix migrate-addon-console for project /frontend/.storybook...
[09:50:28.794] [DEBUG] Using cached package.json for /Users/markbailey/github/quillmedical/frontend/package.json...
[09:50:28.794] [DEBUG] Checking fix nextjs-to-nextjs-vite for project /frontend/.storybook...
[09:50:28.795] [DEBUG] Using cached package.json for /Users/markbailey/github/quillmedical/frontend/package.json...
[09:50:28.795] [DEBUG] Checking fix remove-addon-interactions for project /frontend/.storybook...
[09:50:28.795] [DEBUG] Using cached package.json for /Users/markbailey/github/quillmedical/frontend/package.json...
[09:50:28.795] [DEBUG] Checking fix renderer-to-framework for project /frontend/.storybook...
[09:50:28.795] [DEBUG] Checking fix remove-essential-addons for project /frontend/.storybook...
[09:50:28.795] [DEBUG] Using cached package.json for /Users/markbailey/github/quillmedical/frontend/package.json...
[09:50:28.795] [DEBUG] Checking fix addon-a11y-parameters for project /frontend/.storybook...
[09:50:28.795] [DEBUG] Checking fix remove-docs-autodocs for project /frontend/.storybook...
[09:50:28.799] [DEBUG] Checking fix wrap-getAbsolutePath for project /frontend/.storybook...
[09:50:28.802] [DEBUG] Checking fix fix-faux-esm-require for project /frontend/.storybook...
[09:50:28.803] [INFO] detect-automigrations-task:
Automigrations detected:
[09:50:28.803] [INFO] detect-automigrations-task-success: No automigrations detected
[09:50:28.804] [DEBUG] Completed automigrations for /frontend/.storybook
[09:50:28.804] [INFO] Installing dependencies...
[09:50:28.804] [INFO] install-dependencies-spinner-start: Installing dependencies...
[09:50:28.804] [DEBUG] Executing command: npm install --force
[09:50:29.200] [ERROR] Installation of dependencies failed! {"error":"ExecaError: Command failed with exit code 254: npm install --force\n\nnpm warn using --force Recommended protections disabled.\nnpm error code ENOENT\nnpm error syscall open\nnpm error path /Users/markbailey/github/quillmedical/package.json\nnpm error errno -2\nnpm error enoent Could not read package.json: Error: ENOENT: no such file or directory, open '/Users/markbailey/github/quillmedical/package.json'\nnpm error enoent This is related to npm not being able to find a file.\nnpm error enoent\nnpm error A complete log of this run can be found in: /Users/markbailey/.npm/_logs/2026-02-07T09_50_28_925Z-debug-0.log\n    at getFinalError (file:///Users/markbailey/.npm/_npx/a1b68e7af8cfb619/node_modules/storybook/dist/_node-chunks/chunk-JBMAY2U2.js:13109:10)\n    at makeError (file:///Users/markbailey/.npm/_npx/a1b68e7af8cfb619/node_modules/storybook/dist/_node-chunks/chunk-JBMAY2U2.js:14645:15)\n    at getAsyncResult (file:///Users/markbailey/.npm/_npx/a1b68e7af8cfb619/node_modules/storybook/dist/_node-chunks/chunk-JBMAY2U2.js:17291:158)\n    at handlePromise (file:///Users/markbailey/.npm/_npx/a1b68e7af8cfb619/node_modules/storybook/dist/_node-chunks/chunk-JBMAY2U2.js:17277:162)\n    at async Object.executeTaskWithSpinner (file:///Users/markbailey/.npm/_npx/a1b68e7af8cfb619/node_modules/storybook/dist/_node-chunks/chunk-DTXCQNOJ.js:3683:11)\n    at async NPMProxy.installDependencies (file:///Users/markbailey/.npm/_npx/a1b68e7af8cfb619/node_modules/storybook/dist/_node-chunks/chunk-JBMAY2U2.js:11258:5)\n    at async upgrade (file:///Users/markbailey/.npm/_npx/a1b68e7af8cfb619/node_modules/@storybook/cli/dist/_node-chunks/run-B4LF6WVD.js:9533:41)\n    at async file:///Users/markbailey/.npm/_npx/a1b68e7af8cfb619/node_modules/@storybook/cli/dist/_node-chunks/run-B4LF6WVD.js:9669:70\n    at async withTelemetry (file:///Users/markbailey/.npm/_npx/a1b68e7af8cfb619/node_modules/storybook/dist/_node-chunks/chunk-TQNBPEAH.js:218:12)\n    at async Command.<anonymous> (file:///Users/markbailey/.npm/_npx/a1b68e7af8cfb619/node_modules/@storybook/cli/dist/_node-chunks/run-B4LF6WVD.js:9665:3)"}
[09:50:29.200] [ERROR] install-dependencies-spinner-error: [31mInstallation of dependencies failed![39m
[09:50:29.200] [ERROR] [38;2;241;97;97mExecaError: Command failed with exit code 254: npm install --force

npm warn using --force Recommended protections disabled.
npm error code ENOENT
npm error syscall open
npm error path ./package.json
npm error errno -2
npm error enoent Could not read package.json: Error: ENOENT: no such file or directory, open './package.json'
npm error enoent This is related to npm not being able to find a file.
npm error enoent
npm error A complete log of this run can be found in: /Users/markbailey/.npm/_logs/2026-02-07T09_50_28_925Z-debug-0.log[39m
    at getFinalError (file:///Users/markbailey/.npm/_npx/a1b68e7af8cfb619/node_modules/storybook/dist/_node-chunks/chunk-JBMAY2U2.js:13109:10)
    at makeError (file:///Users/markbailey/.npm/_npx/a1b68e7af8cfb619/node_modules/storybook/dist/_node-chunks/chunk-JBMAY2U2.js:14645:15)
    at getAsyncResult (file:///Users/markbailey/.npm/_npx/a1b68e7af8cfb619/node_modules/storybook/dist/_node-chunks/chunk-JBMAY2U2.js:17291:158)
    at handlePromise (file:///Users/markbailey/.npm/_npx/a1b68e7af8cfb619/node_modules/storybook/dist/_node-chunks/chunk-JBMAY2U2.js:17277:162)
    at async Object.executeTaskWithSpinner (file:///Users/markbailey/.npm/_npx/a1b68e7af8cfb619/node_modules/storybook/dist/_node-chunks/chunk-DTXCQNOJ.js:3683:11)
    at async NPMProxy.installDependencies (file:///Users/markbailey/.npm/_npx/a1b68e7af8cfb619/node_modules/storybook/dist/_node-chunks/chunk-JBMAY2U2.js:11258:5)
    at async upgrade (file:///Users/markbailey/.npm/_npx/a1b68e7af8cfb619/node_modules/@storybook/cli/dist/_node-chunks/run-B4LF6WVD.js:9533:41)
    at async file:///Users/markbailey/.npm/_npx/a1b68e7af8cfb619/node_modules/@storybook/cli/dist/_node-chunks/run-B4LF6WVD.js:9669:70
    at async withTelemetry (file:///Users/markbailey/.npm/_npx/a1b68e7af8cfb619/node_modules/storybook/dist/_node-chunks/chunk-TQNBPEAH.js:218:12)
    at async Command.<anonymous> (file:///Users/markbailey/.npm/_npx/a1b68e7af8cfb619/node_modules/@storybook/cli/dist/_node-chunks/run-B4LF6WVD.js:9665:3)
[09:50:29.206] [INFO] Storybook collects completely anonymous usage telemetry. We use it to shape Storybook's roadmap and prioritize features. You can learn more, including how to opt out, at https://storybook.js.org/telemetry
[09:50:29.621] [ERROR] ExecaError: Command failed with exit code 254: npm install --force

npm warn using --force Recommended protections disabled.
npm error code ENOENT
npm error syscall open
npm error path ./package.json
npm error errno -2
npm error enoent Could not read package.json: Error: ENOENT: no such file or directory, open './package.json'
npm error enoent This is related to npm not being able to find a file.
npm error enoent
npm error A complete log of this run can be found in: /Users/markbailey/.npm/_logs/2026-02-07T09_50_28_925Z-debug-0.log
